<?xml version="1.0" encoding="UTF-8"?>
<!-- Generated by org.testng.reporters.JUnitXMLReporter -->
<testsuite ignored="0" hostname="DESKTOP-4Q2O2EA" failures="0" tests="2" name="Default test" time="19.741" errors="0" timestamp="2022-03-14T14:43:06 BDT">
  <testcase classname="testCase.Po4_TC004_VerifyDropDown" name="selectingValueFromDropdown" time="11.507"/>
  <testcase classname="testCase.Po4_TC004_VerifyDropDown" name="selectingMultipleValueFromDropdown" time="8.152"/>
</testsuite> <!-- Default test -->
