<?xml version="1.0" encoding="UTF-8"?>
<testng-results ignored="0" total="2" passed="2" failed="0" skipped="0">
  <reporter-output>
  </reporter-output>
  <suite started-at="2022-03-14T14:42:46 BDT" name="Default suite" finished-at="2022-03-14T14:43:06 BDT" duration-ms="19741">
    <groups>
    </groups>
    <test started-at="2022-03-14T14:42:46 BDT" name="Default test" finished-at="2022-03-14T14:43:06 BDT" duration-ms="19741">
      <class name="testCase.Po4_TC004_VerifyDropDown">
        <test-method is-config="true" signature="setDriver()[pri:0, instance:testCase.Po4_TC004_VerifyDropDown@16a0ee18]" started-at="2022-03-14T14:42:41 BDT" name="setDriver" finished-at="2022-03-14T14:42:46 BDT" duration-ms="4946" status="PASS">
          <reporter-output>
          </reporter-output>
        </test-method> <!-- setDriver -->
        <test-method signature="selectingValueFromDropdown()[pri:1, instance:testCase.Po4_TC004_VerifyDropDown@16a0ee18]" started-at="2022-03-14T14:42:46 BDT" name="selectingValueFromDropdown" finished-at="2022-03-14T14:42:57 BDT" duration-ms="11507" status="PASS">
          <reporter-output>
          </reporter-output>
        </test-method> <!-- selectingValueFromDropdown -->
        <test-method signature="selectingMultipleValueFromDropdown()[pri:2, instance:testCase.Po4_TC004_VerifyDropDown@16a0ee18]" started-at="2022-03-14T14:42:57 BDT" name="selectingMultipleValueFromDropdown" finished-at="2022-03-14T14:43:06 BDT" duration-ms="8152" status="PASS">
          <reporter-output>
          </reporter-output>
        </test-method> <!-- selectingMultipleValueFromDropdown -->
      </class> <!-- testCase.Po4_TC004_VerifyDropDown -->
    </test> <!-- Default test -->
  </suite> <!-- Default suite -->
</testng-results>
