<?xml version="1.0" encoding="UTF-8"?>
<testng-results ignored="0" total="1" passed="1" failed="0" skipped="0">
  <reporter-output>
  </reporter-output>
  <suite started-at="2022-02-07T17:51:48 BDT" name="Default suite" finished-at="2022-02-07T17:52:16 BDT" duration-ms="27643">
    <groups>
    </groups>
    <test started-at="2022-02-07T17:51:48 BDT" name="Default test" finished-at="2022-02-07T17:52:16 BDT" duration-ms="27643">
      <class name="TestCase.TC009_KeyboardEvent">
        <test-method is-config="true" signature="setDriver()[pri:0, instance:TestCase.TC009_KeyboardEvent@505fc5a4]" started-at="2022-02-07T17:51:41 BDT" name="setDriver" finished-at="2022-02-07T17:51:48 BDT" duration-ms="7607" status="PASS">
          <reporter-output>
          </reporter-output>
        </test-method> <!-- setDriver -->
        <test-method signature="keyboardE()[pri:0, instance:TestCase.TC009_KeyboardEvent@505fc5a4]" started-at="2022-02-07T17:51:49 BDT" name="keyboardE" finished-at="2022-02-07T17:52:16 BDT" duration-ms="27571" status="PASS">
          <reporter-output>
          </reporter-output>
        </test-method> <!-- keyboardE -->
        <test-method is-config="true" signature="close()[pri:0, instance:TestCase.TC009_KeyboardEvent@505fc5a4]" started-at="2022-02-07T17:52:16 BDT" name="close" finished-at="2022-02-07T17:52:18 BDT" duration-ms="1960" status="PASS">
          <reporter-output>
          </reporter-output>
        </test-method> <!-- close -->
      </class> <!-- TestCase.TC009_KeyboardEvent -->
    </test> <!-- Default test -->
  </suite> <!-- Default suite -->
</testng-results>
