<?xml version="1.0" encoding="UTF-8"?>
<testng-results ignored="0" total="1" passed="1" failed="0" skipped="0">
  <reporter-output>
  </reporter-output>
  <suite started-at="2022-01-20T16:58:56 BDT" name="Default suite" finished-at="2022-01-20T16:59:27 BDT" duration-ms="30500">
    <groups>
    </groups>
    <test started-at="2022-01-20T16:58:56 BDT" name="Default test" finished-at="2022-01-20T16:59:27 BDT" duration-ms="30500">
      <class name="testCase.Tc_01">
        <test-method is-config="true" signature="OpenDriver()[pri:0, instance:testCase.Tc_01@550dbc7a]" started-at="2022-01-20T16:58:41 BDT" name="OpenDriver" finished-at="2022-01-20T16:58:56 BDT" duration-ms="15025" status="PASS">
          <reporter-output>
          </reporter-output>
        </test-method> <!-- OpenDriver -->
        <test-method signature="lola()[pri:0, instance:testCase.Tc_01@550dbc7a]" started-at="2022-01-20T16:58:57 BDT" name="lola" finished-at="2022-01-20T16:59:27 BDT" duration-ms="30356" status="PASS">
          <reporter-output>
          </reporter-output>
        </test-method> <!-- lola -->
        <test-method is-config="true" signature="CloseDriver()[pri:0, instance:testCase.Tc_01@550dbc7a]" started-at="2022-01-20T16:59:27 BDT" name="CloseDriver" finished-at="2022-01-20T16:59:27 BDT" duration-ms="1" status="PASS">
          <reporter-output>
          </reporter-output>
        </test-method> <!-- CloseDriver -->
      </class> <!-- testCase.Tc_01 -->
    </test> <!-- Default test -->
  </suite> <!-- Default suite -->
</testng-results>
